D:\GITHUB\MP2-LAB1-SET\SLN\VC9\SAMPLE_PRIME_NUMBERS\DEBUG\SAMPLE_PRIME_NUMBERS.OBJ
D:\GITHUB\MP2-LAB1-SET\SLN\VC9\SAMPLE_PRIME_NUMBERS\DEBUG\VC110.PDB
D:\GITHUB\MP2-LAB1-SET\SLN\VC9\DEBUG\SAMPLE_PRIME_NUMBERS.ILK
D:\GITHUB\MP2-LAB1-SET\SLN\VC9\DEBUG\SAMPLE_PRIME_NUMBERS.EXE
D:\GITHUB\MP2-LAB1-SET\SLN\VC9\DEBUG\SAMPLE_PRIME_NUMBERS.PDB
D:\GitHub\mp2-lab1-set\sln\vc9\sample_prime_numbers\Debug\sample_prime_numbers.obj
D:\GitHub\mp2-lab1-set\sln\vc9\sample_prime_numbers\Debug\cl.command.1.tlog
D:\GitHub\mp2-lab1-set\sln\vc9\sample_prime_numbers\Debug\CL.read.1.tlog
D:\GitHub\mp2-lab1-set\sln\vc9\sample_prime_numbers\Debug\CL.write.1.tlog
D:\GitHub\mp2-lab1-set\sln\vc9\sample_prime_numbers\Debug\link-cvtres.read.1.tlog
D:\GitHub\mp2-lab1-set\sln\vc9\sample_prime_numbers\Debug\link-cvtres.write.1.tlog
D:\GitHub\mp2-lab1-set\sln\vc9\sample_prime_numbers\Debug\link-rc.read.1.tlog
D:\GitHub\mp2-lab1-set\sln\vc9\sample_prime_numbers\Debug\link-rc.write.1.tlog
D:\GitHub\mp2-lab1-set\sln\vc9\sample_prime_numbers\Debug\link.5392-cvtres.read.1.tlog
D:\GitHub\mp2-lab1-set\sln\vc9\sample_prime_numbers\Debug\link.5392-cvtres.write.1.tlog
D:\GitHub\mp2-lab1-set\sln\vc9\sample_prime_numbers\Debug\link.5392-rc.read.1.tlog
D:\GitHub\mp2-lab1-set\sln\vc9\sample_prime_numbers\Debug\link.5392-rc.write.1.tlog
D:\GitHub\mp2-lab1-set\sln\vc9\sample_prime_numbers\Debug\link.5392.read.1.tlog
D:\GitHub\mp2-lab1-set\sln\vc9\sample_prime_numbers\Debug\link.5392.write.1.tlog
D:\GitHub\mp2-lab1-set\sln\vc9\sample_prime_numbers\Debug\link.command.1.tlog
D:\GitHub\mp2-lab1-set\sln\vc9\sample_prime_numbers\Debug\link.read.1.tlog
D:\GitHub\mp2-lab1-set\sln\vc9\sample_prime_numbers\Debug\link.write.1.tlog
D:\GitHub\mp2-lab1-set\sln\vc9\sample_prime_numbers\Debug\vc110.idb
D:\GitHub\mp2-lab1-set\sln\vc9\sample_prime_numbers\Debug\vc110.pdb
D:\GitHub\mp2-lab1-set\sln\vc9\Debug\sample_prime_numbers.pdb
D:\GitHub\mp2-lab1-set\sln\vc9\Debug\sample_prime_numbers.exe
D:\GitHub\mp2-lab1-set\sln\vc9\Debug\sample_prime_numbers.ilk
